<?xml version="1.0" encoding="UTF-8"?>
<testng-results ignored="0" total="1" passed="1" failed="0" skipped="0">
  <reporter-output>
  </reporter-output>
  <suite started-at="2024-03-16T12:22:42 IST" name="Default suite" finished-at="2024-03-16T12:22:44 IST" duration-ms="2224">
    <groups>
    </groups>
    <test started-at="2024-03-16T12:22:42 IST" name="Default test" finished-at="2024-03-16T12:22:44 IST" duration-ms="2224">
      <class name="Basic.OrgaizationTest">
        <test-method signature="CreateOrganizationsTest()[pri:0, instance:Basic.OrgaizationTest@20f5239f]" started-at="2024-03-16T12:22:42 IST" name="CreateOrganizationsTest" finished-at="2024-03-16T12:22:44 IST" duration-ms="2195" status="PASS">
          <reporter-output>
          </reporter-output>
        </test-method> <!-- CreateOrganizationsTest -->
      </class> <!-- Basic.OrgaizationTest -->
    </test> <!-- Default test -->
  </suite> <!-- Default suite -->
</testng-results>
